
> react-typescript-starter@0.1.0 test
> react-scripts test --coverage

Browserslist: caniuse-lite is outdated. Please run:
  npx browserslist@latest --update-db
  Why you should do it regularly: https://github.com/browserslist/browserslist#browsers-data-updating
PASS src/task5/arrays.test.ts
PASS src/HtmlCss.test.tsx
PASS src/functions.test.ts
PASS src/text.test.tsx
PASS src/App.test.tsx
---------------|---------|----------|---------|---------|-------------------
File           | % Stmts | % Branch | % Funcs | % Lines | Uncovered Line #s 
---------------|---------|----------|---------|---------|-------------------
All files      |   98.86 |    97.36 |     100 |   98.85 |                   
 src           |     100 |      100 |     100 |     100 |                   
  App.tsx      |     100 |      100 |     100 |     100 |                   
  functions.ts |     100 |      100 |     100 |     100 |                   
 src/task5     |   98.43 |    95.83 |     100 |   98.41 |                   
  arrays.ts    |   98.43 |    95.83 |     100 |   98.41 | 163               
---------------|---------|----------|---------|---------|-------------------

Test Suites: 5 passed, 5 total
Tests:       23 passed, 23 total
Snapshots:   0 total
Time:        3.524 s
Ran all test suites.
